<?xml version="1.0" encoding="UTF-8"?>
<!-- Generated by org.testng.reporters.JUnitReportReporter -->
<testsuite hostname="sun-PC" name="com.test.Synctruncktask" tests="1" failures="1" timestamp="30 Oct 2014 09:45:06 GMT" time="1.156" errors="0">
  <testcase name="f" time="1.156" classname="com.test.Synctruncktask">
    <failure type="com.meterware.httpunit.HttpNotFoundException" message="Error on HTTP request: 404 Not Found [http://gateway.cat.cn/rest/index.php?timestamp=2014-10-30%2017:45:05&amp;app_key=zd_admin&amp;method=ips2.api.synctruncktask&amp;data=[]&amp;sign=F7DF0228F1C9CF1EE633DD7C681ACAE7]">
      <![CDATA[com.meterware.httpunit.HttpNotFoundException: Error on HTTP request: 404 Not Found [http://gateway.cat.cn/rest/index.php?timestamp=2014-10-30%2017:45:05&app_key=zd_admin&method=ips2.api.synctruncktask&data=[]&sign=F7DF0228F1C9CF1EE633DD7C681ACAE7]
	at com.meterware.httpunit.WebClient.validateHeaders(WebClient.java:621)
	at com.meterware.httpunit.WebClient.updateClient(WebClient.java:500)
	at com.meterware.httpunit.WebWindow.updateWindow(WebWindow.java:192)
	at com.meterware.httpunit.WebWindow.getSubframeResponse(WebWindow.java:183)
	at com.meterware.httpunit.WebWindow.getResponse(WebWindow.java:158)
	at com.meterware.httpunit.WebClient.getResponse(WebClient.java:122)
	at com.test.SimuReqBase.resGet(SimuReqBase.java:211)
	at com.test.Synctruncktask.f(Synctruncktask.java:45)
	at sun.reflect.NativeMethodAccessorImpl.invoke0(Native Method)
	at sun.reflect.NativeMethodAccessorImpl.invoke(NativeMethodAccessorImpl.java:57)
	at sun.reflect.DelegatingMethodAccessorImpl.invoke(DelegatingMethodAccessorImpl.java:43)
	at java.lang.reflect.Method.invoke(Method.java:606)
	at org.testng.internal.MethodInvocationHelper.invokeMethod(MethodInvocationHelper.java:84)
	at org.testng.internal.Invoker.invokeMethod(Invoker.java:714)
	at org.testng.internal.Invoker.invokeTestMethod(Invoker.java:901)
	at org.testng.internal.Invoker.invokeTestMethods(Invoker.java:1231)
	at org.testng.internal.TestMethodWorker.invokeTestMethods(TestMethodWorker.java:127)
	at org.testng.internal.TestMethodWorker.run(TestMethodWorker.java:111)
	at org.testng.TestRunner.privateRun(TestRunner.java:767)
	at org.testng.TestRunner.run(TestRunner.java:617)
	at org.testng.SuiteRunner.runTest(SuiteRunner.java:334)
	at org.testng.SuiteRunner.runSequentially(SuiteRunner.java:329)
	at org.testng.SuiteRunner.privateRun(SuiteRunner.java:291)
	at org.testng.SuiteRunner.run(SuiteRunner.java:240)
	at org.testng.SuiteRunnerWorker.runSuite(SuiteRunnerWorker.java:52)
	at org.testng.SuiteRunnerWorker.run(SuiteRunnerWorker.java:86)
	at org.testng.TestNG.runSuitesSequentially(TestNG.java:1224)
	at org.testng.TestNG.runSuitesLocally(TestNG.java:1149)
	at org.testng.TestNG.run(TestNG.java:1057)
	at org.testng.remote.RemoteTestNG.run(RemoteTestNG.java:111)
	at org.testng.remote.RemoteTestNG.initAndRun(RemoteTestNG.java:204)
	at org.testng.remote.RemoteTestNG.main(RemoteTestNG.java:175)
]]>
    </failure>
  </testcase> <!-- f -->
</testsuite> <!-- com.test.Synctruncktask -->
